0 info it worked if it ends with ok
1 verbose cli [ 'E:\\IDE\\node\\Nodist\\v-x64\\7.0.0\\node.exe',
1 verbose cli   'E:\\IDE\\node\\Nodist\\npmv\\3.10.9\\bin\\npm-cli.js',
1 verbose cli   'run',
1 verbose cli   'build' ]
2 info using npm@3.10.9
3 info using node@v7.0.0
4 verbose stack Error: ENOENT: no such file or directory, open 'F:\code\spring\microbbs\api\package.json'
5 verbose cwd F:\code\spring\microbbs\api
6 error Windows_NT 10.0.10586
7 error argv "E:\\IDE\\node\\Nodist\\v-x64\\7.0.0\\node.exe" "E:\\IDE\\node\\Nodist\\npmv\\3.10.9\\bin\\npm-cli.js" "run" "build"
8 error node v7.0.0
9 error npm  v3.10.9
10 error path F:\code\spring\microbbs\api\package.json
11 error code ENOENT
12 error errno -4058
13 error syscall open
14 error enoent ENOENT: no such file or directory, open 'F:\code\spring\microbbs\api\package.json'
15 error enoent ENOENT: no such file or directory, open 'F:\code\spring\microbbs\api\package.json'
15 error enoent This is most likely not a problem with npm itself
15 error enoent and is related to npm not being able to find a file.
16 verbose exit [ -4058, true ]
